1. Pracownicy z pokoju 208 posiadają
	a) mordy
	b) ryje
	c) gęby
	d) facjaty
	
2. Dokończ frazę: "Trzeba mieć jaja, a nie..."
	a) pisanki
	b) wydmuszki
	c) kinder niespodzianki
	d) kinder bueno
	
3. Największym łasuchem w pokoju 208 jest
	a) Boczek
	b) Boczek
	c) Boczek
	d) Boczkomik
	
4. Które z poniższych powiedzonek nie jest powiedzonkiem Xeny
	a) Joł bejbe, joł bejbe!
	b) No, no... no przepraszam!!!
	c) Luzuj majty!
	d) Kiedy powiem sobie dość!
	
5. Która z poniższych ksywek nie należy do Jerzego M.
	a) Gollum
	b) Erotoman-Gawędziarz
	c) Tofik
	d) Porzucek
	
6. Dzidzia Buki ma na imię
	a) Justynka
	b) Natalka
	
7. Która z poniższych ksywek nie należy do Agaty M.
	a) Maderfaker
	b) Big Gała
	c) Sarnie Oczy
	d) Mała Mi
	
8. Największym amatorem mokrych drożdżówek w pok. 208 jest
	a) Magda
	b) Marta
	c) Asia
	d) Agata
	
9. Największym amatorem draży w pokoju 208 jest
	a) Magda
	b) Marta
	c) Asia
	d) Agata
	
10. Zapach gotowanych parówek szczególnie "lubi"
	a) Magda
	b) Marta
	c) Asia
	d) Agata
	
11. Pić coca colę najbardziej lubi (uwaga podchwytliwe!)
	a) Magda
	b) Marta
	c) Asia lub Agata
	d) żadna odpowiedź nie jest poprawna
	
12. Która z powyżej wymienionych osób nie odwiedzała nas w pokoju 208
	a) chudy Krzysztof, polonista
	b) Ewelina zza ściany
	c) *sunie*
	d) Zboczuch
	
13. "Czarna mamba" to pseudomin nadany przez Zboczucha
	a) Xenie
	b) Boczkowi
	c) Maderowi
	d) Gollumowi
	
14. Która z poniżej wymienionych osób rozbijała się po Dubaju
	a) Szyfcia
	b) Konował
	c) Poślad
	d) Moszczu
	
15. Dokończ frazę: "Ty jesteś..."
	a) wilczycą
	b) wampirzycą
	c) smoczycą
	d) buuuuuuda!
	
16. Kto z poniżej wymienionych na pewno nie golił się pod pachami
	a) Porzucek
	b) Zboczuch
	c) Gollum
	d) Węglorz
	
17. Największym żartowinisiem w pokoju 104 była
	a) Buka
	b) Xena
	c) Boczek
	d) Mader
	
18. Największym oszustem zegarkowo-godzinowym w pokoju 104 była
	a) Buka
	b) Xena
	c) Boczek
	d) Mader
	
19. Największym odludkiem w pokoju 104 była
	a) Buka
	b) Xena
	c) Boczek
	d) Mader
	
20. Kto z lokatorów pok. 208 był najbardziej humorzasty
	a) Gollum
	b) Erotoman-Gawędziarz
	c) Mała Mi
	d) Tofik
	
21. Lokatorzy pok. 104/208 to inaczej
	a) rodzina Adamsów
	b) rodzina zastępcza
	c) faker family
	d) rodzina Muminków
	

